<?xml version="1.0" encoding="utf-8"?>
<project>
    <test-results date="2022-05-05" name="fsi" total="3" errors="0" failures="0" ignored="0" not-run="0" inconclusive="0" skipped="0" invalid="0" time="14:50:48">
        <environment expecto-version="9.0.4.0" clr-version="6.0.4" os-version="Microsoft Windows NT 10.0.20348.0" platform="Win32NT" cwd="D:\a\TestRepo\TestRepo" machine-name="fv-az206-198" user="runneradmin" user-domain="fv-az206-198" />
        <culture-info>Expecto.TestResults+xAttr@77-1[System.Object]en-USExpecto.TestResults+xAttr@77-1[System.Object]en-US</culture-info>
        <test-suite type="Assembly" name="fsi" executed="True" result="Success" success="True" time="0.074" asserts="0">
            <results>
                <test-case name="[allTheTests; IO tests; folder exists]" executed="True" result="Success" success="True" time="0.003" asserts="0" />
                <test-case name="[allTheTests; IO tests; file exists]" executed="True" result="Success" success="True" time="0.003" asserts="0" />
                <test-case name="[allTheTests; IO tests; text exists]" executed="True" result="Success" success="True" time="0.000" asserts="0" />
            </results>
        </test-suite>
    </test-results>
</project>